0 info it worked if it ends with ok
1 verbose cli [ 'C:\\Program Files\\nodejs\\node.exe',
1 verbose cli   'C:\\Program Files\\nodejs\\node_modules\\npm\\bin\\npm-cli.js',
1 verbose cli   'start' ]
2 info using npm@4.1.2
3 info using node@v7.5.0
4 verbose run-script [ 'prestart', 'start', 'poststart' ]
5 info lifecycle javascript-development-environment@1.0.0~prestart: javascript-development-environment@1.0.0
6 verbose lifecycle javascript-development-environment@1.0.0~prestart: unsafe-perm in lifecycle true
7 verbose lifecycle javascript-development-environment@1.0.0~prestart: PATH: C:\Program Files\nodejs\node_modules\npm\bin\node-gyp-bin;C:\Users\wgori\OneDrive\Documents\Development\Git-Development\ProgrammingHamster-js-deb-env\node_modules\.bin;C:\ProgramData\Oracle\Java\javapath;C:\Program Files (x86)\Intel\iCLS Client\;C:\Program Files\Intel\iCLS Client\;C:\Windows\system32;C:\Windows;C:\Windows\System32\Wbem;C:\Windows\System32\WindowsPowerShell\v1.0\;C:\Program Files (x86)\Intel\Intel(R) Management Engine Components\DAL;C:\Program Files\Intel\Intel(R) Management Engine Components\DAL;C:\Program Files (x86)\Intel\Intel(R) Management Engine Components\IPT;C:\Program Files\Intel\Intel(R) Management Engine Components\IPT;C:\Program Files (x86)\NVIDIA Corporation\PhysX\Common;C:\Program Files\Intel\WiFi\bin\;C:\Program Files\Common Files\Intel\WirelessCommon\;C:\Program Files (x86)\GtkSharp\2.12\bin;C:\WINDOWS\system32\config\systemprofile\.dnx\bin;C:\Program Files\Microsoft DNX\Dnvm\;C:\Program Files\Microsoft SQL Server\120\Tools\Binn\;C:\Program Files\Microsoft SQL Server\130\Tools\Binn\;C:\Program Files (x86)\Windows Kits\10\Windows Performance Toolkit\;C:\WINDOWS\system32;C:\WINDOWS;C:\WINDOWS\System32\Wbem;C:\WINDOWS\System32\WindowsPowerShell\v1.0\;C:\Program Files\Java\jre1.8.0_121\bin;C:\Program Files\Java\jdk1.8.0_111;C:\Program Files\Java\jdk1.8.0_121;C:\Program Files\Git\cmd;C:\ProgramData\chocolatey\bin;;C:\Program Files\Git LFS;C:\Program Files\nodejs\;C:\Users\wgori\AppData\Roaming\Dashlane\4.6.5.21982\bin\Firefox_Extension\{442718d9-475e-452a-b3e1-fb1ee16b8e9f}\components;C:\Users\wgori\AppData\Local\Microsoft\WindowsApps;C:\Users\wgori\AppData\Roaming\Dashlane\4.6.6.23032\bin\Firefox_Extension\{442718d9-475e-452a-b3e1-fb1ee16b8e9f}\components;C:\Program Files\Java\jdk1.8.0_121\bin;C:\Program Files\Java\jre1.8.0_121\bin;C:\Program Files (x86)\Microsoft VS Code\bin;C:\Users\wgori\AppData\Local\atom\bin;C:\Users\wgori\AppData\Roaming\npm
8 verbose lifecycle javascript-development-environment@1.0.0~prestart: CWD: C:\Users\wgori\OneDrive\Documents\Development\Git-Development\ProgrammingHamster-js-deb-env
9 silly lifecycle javascript-development-environment@1.0.0~prestart: Args: [ '/d /s /c', 'babel-node buildScripts/startMessage.js' ]
10 silly lifecycle javascript-development-environment@1.0.0~prestart: Returned: code: 0  signal: null
11 info lifecycle javascript-development-environment@1.0.0~start: javascript-development-environment@1.0.0
12 verbose lifecycle javascript-development-environment@1.0.0~start: unsafe-perm in lifecycle true
13 verbose lifecycle javascript-development-environment@1.0.0~start: PATH: C:\Program Files\nodejs\node_modules\npm\bin\node-gyp-bin;C:\Users\wgori\OneDrive\Documents\Development\Git-Development\ProgrammingHamster-js-deb-env\node_modules\.bin;C:\ProgramData\Oracle\Java\javapath;C:\Program Files (x86)\Intel\iCLS Client\;C:\Program Files\Intel\iCLS Client\;C:\Windows\system32;C:\Windows;C:\Windows\System32\Wbem;C:\Windows\System32\WindowsPowerShell\v1.0\;C:\Program Files (x86)\Intel\Intel(R) Management Engine Components\DAL;C:\Program Files\Intel\Intel(R) Management Engine Components\DAL;C:\Program Files (x86)\Intel\Intel(R) Management Engine Components\IPT;C:\Program Files\Intel\Intel(R) Management Engine Components\IPT;C:\Program Files (x86)\NVIDIA Corporation\PhysX\Common;C:\Program Files\Intel\WiFi\bin\;C:\Program Files\Common Files\Intel\WirelessCommon\;C:\Program Files (x86)\GtkSharp\2.12\bin;C:\WINDOWS\system32\config\systemprofile\.dnx\bin;C:\Program Files\Microsoft DNX\Dnvm\;C:\Program Files\Microsoft SQL Server\120\Tools\Binn\;C:\Program Files\Microsoft SQL Server\130\Tools\Binn\;C:\Program Files (x86)\Windows Kits\10\Windows Performance Toolkit\;C:\WINDOWS\system32;C:\WINDOWS;C:\WINDOWS\System32\Wbem;C:\WINDOWS\System32\WindowsPowerShell\v1.0\;C:\Program Files\Java\jre1.8.0_121\bin;C:\Program Files\Java\jdk1.8.0_111;C:\Program Files\Java\jdk1.8.0_121;C:\Program Files\Git\cmd;C:\ProgramData\chocolatey\bin;;C:\Program Files\Git LFS;C:\Program Files\nodejs\;C:\Users\wgori\AppData\Roaming\Dashlane\4.6.5.21982\bin\Firefox_Extension\{442718d9-475e-452a-b3e1-fb1ee16b8e9f}\components;C:\Users\wgori\AppData\Local\Microsoft\WindowsApps;C:\Users\wgori\AppData\Roaming\Dashlane\4.6.6.23032\bin\Firefox_Extension\{442718d9-475e-452a-b3e1-fb1ee16b8e9f}\components;C:\Program Files\Java\jdk1.8.0_121\bin;C:\Program Files\Java\jre1.8.0_121\bin;C:\Program Files (x86)\Microsoft VS Code\bin;C:\Users\wgori\AppData\Local\atom\bin;C:\Users\wgori\AppData\Roaming\npm
14 verbose lifecycle javascript-development-environment@1.0.0~start: CWD: C:\Users\wgori\OneDrive\Documents\Development\Git-Development\ProgrammingHamster-js-deb-env
15 silly lifecycle javascript-development-environment@1.0.0~start: Args: [ '/d /s /c',
15 silly lifecycle   'npm-run-all --parallel security-check open:src lint:watch test-watch' ]
16 silly lifecycle javascript-development-environment@1.0.0~start: Returned: code: 1  signal: null
17 info lifecycle javascript-development-environment@1.0.0~start: Failed to exec start script
18 verbose stack Error: javascript-development-environment@1.0.0 start: `npm-run-all --parallel security-check open:src lint:watch test-watch`
18 verbose stack Exit status 1
18 verbose stack     at EventEmitter.<anonymous> (C:\Program Files\nodejs\node_modules\npm\lib\utils\lifecycle.js:279:16)
18 verbose stack     at emitTwo (events.js:106:13)
18 verbose stack     at EventEmitter.emit (events.js:192:7)
18 verbose stack     at ChildProcess.<anonymous> (C:\Program Files\nodejs\node_modules\npm\lib\utils\spawn.js:40:14)
18 verbose stack     at emitTwo (events.js:106:13)
18 verbose stack     at ChildProcess.emit (events.js:192:7)
18 verbose stack     at maybeClose (internal/child_process.js:890:16)
18 verbose stack     at Process.ChildProcess._handle.onexit (internal/child_process.js:226:5)
19 verbose pkgid javascript-development-environment@1.0.0
20 verbose cwd C:\Users\wgori\OneDrive\Documents\Development\Git-Development\ProgrammingHamster-js-deb-env
21 error Windows_NT 10.0.14393
22 error argv "C:\\Program Files\\nodejs\\node.exe" "C:\\Program Files\\nodejs\\node_modules\\npm\\bin\\npm-cli.js" "start"
23 error node v7.5.0
24 error npm  v4.1.2
25 error code ELIFECYCLE
26 error javascript-development-environment@1.0.0 start: `npm-run-all --parallel security-check open:src lint:watch test-watch`
26 error Exit status 1
27 error Failed at the javascript-development-environment@1.0.0 start script 'npm-run-all --parallel security-check open:src lint:watch test-watch'.
27 error Make sure you have the latest version of node.js and npm installed.
27 error If you do, this is most likely a problem with the javascript-development-environment package,
27 error not with npm itself.
27 error Tell the author that this fails on your system:
27 error     npm-run-all --parallel security-check open:src lint:watch test-watch
27 error You can get information on how to open an issue for this project with:
27 error     npm bugs javascript-development-environment
27 error Or if that isn't available, you can get their info via:
27 error     npm owner ls javascript-development-environment
27 error There is likely additional logging output above.
28 verbose exit [ 1, true ]
